Arguments: 
  /usr/bin/node /usr/bin/yarn install

PATH: 
  /usr/local/sbin:/usr/local/bin:/usr/sbin:/usr/bin:/sbin:/bin:/usr/games:/usr/local/games:/mnt/c/ProgramData/Oracle/Java/javapath_target_168367156:/mnt/c/oraclexe/app/oracle/product/11.2.0/server/bin:/mnt/c/Windows/System32:/mnt/c/Windows:/mnt/c/Windows/System32/wbem:/mnt/c/Windows/System32/WindowsPowerShell/v1.0:/mnt/c/Program Files/PuTTY:/mnt/c/Program Files/Git/cmd:/mnt/c/ProgramData/ComposerSetup/bin:/mnt/c/Windows/System32/OpenSSH:/mnt/c/Users/Hugo/AppData/Local/Microsoft/WindowsApps:/mnt/c/Program Files/Microsoft VS Code/bin:/mnt/c/Users/Hugo/AppData/Local/GitHubDesktop/bin:/mnt/c/wamp64/bin/php/php7.1.9:/mnt/c/Users/Hugo/AppData/Local/atom/bin:/mnt/c/Users/Hugo/AppData/Local/Microsoft/WindowsApps

Yarn version: 
  1.10.1

Node version: 
  10.11.0

Platform: 
  linux x64

Trace: 
  Error: https://registry.yarnpkg.com/resolve-url-loader/-/resolve-url-loader-2.3.1.tgz: ESOCKETTIMEDOUT
      at ClientRequest.<anonymous> (/usr/lib/node_modules/yarn/lib/cli.js:120793:19)
      at Object.onceWrapper (events.js:273:13)
      at ClientRequest.emit (events.js:182:13)
      at TLSSocket.emitRequestTimeout (_http_client.js:661:40)
      at Object.onceWrapper (events.js:273:13)
      at TLSSocket.emit (events.js:182:13)
      at TLSSocket.Socket._onTimeout (net.js:449:8)
      at ontimeout (timers.js:425:11)
      at tryOnTimeout (timers.js:289:5)
      at listOnTimeout (timers.js:252:5)

npm manifest: 
  {
      "devDependencies": {
          "@symfony/webpack-encore": "^0.20.0",
          "webpack-notifier": "^1.6.0"
      },
      "license": "UNLICENSED",
      "private": true,
      "scripts": {
          "dev-server": "encore dev-server",
          "dev": "encore dev",
          "watch": "encore dev --watch",
          "build": "encore production"
      }
  }

yarn manifest: 
  No manifest

Lockfile: 
  No lockfile
